<?xml version="1.0" encoding="UTF-8"?>
<testsuite xmlns:xsi="http://www.w3.org/2001/XMLSchema-instance" xsi:noNamespaceSchemaLocation="https://maven.apache.org/surefire/maven-surefire-plugin/xsd/surefire-test-report.xsd" name="TestSuite" time="7.601" tests="5" errors="0" skipped="0" failures="2">
  <properties>
[...]
</properties>
  <testcase name="ShouldNotBeAbleToCreateAPlaylistWithExpiredToken" classname="com.spotify.ouath2.tests.PlaylistsTests" time="4.516"/>
  <testcase name="ShouldNotBeAbleToCreateAPlaylistWithoutName" classname="com.spotify.ouath2.tests.PlaylistsTests" time="5.773"/>
  <testcase name="ShouldBeAbleToUpdateAPlaylist" classname="com.spotify.ouath2.tests.PlaylistsTests" time="5.877">
    <failure message="1 expectation failed.&#10;Expected content-type &quot;JSON&quot; doesn&apos;t match actual content-type &quot;&quot;.&#10;" type="java.lang.AssertionError">java.lang.AssertionError: 
1 expectation failed.
Expected content-type "JSON" doesn't match actual content-type "".

	at com.spotify.ouath2.tests.PlaylistsTests.ShouldBeAbleToUpdateAPlaylist(PlaylistsTests.java:66)
</failure>
    <system-out><![CDATA[HTTP/1.1 200 OK
cache-control: private, max-age=0
x-robots-tag: noindex, nofollow
access-control-allow-origin: *
access-control-allow-headers: Accept, App-Platform, Authorization, Content-Type, Origin, Retry-After, Spotify-App-Version, X-Cloud-Trace-Context, client-token, content-access-token
access-control-allow-methods: GET, POST, OPTIONS, PUT, DELETE, PATCH
access-control-allow-credentials: true
access-control-max-age: 604800
Content-Length: 0
strict-transport-security: max-age=31536000
x-content-type-options: nosniff
date: Wed, 18 Oct 2023 11:40:39 GMT
server: envoy
Via: HTTP/2 edgeproxy, 1.1 google
Alt-Svc: h3=":443"; ma=2592000,h3-29=":443"; ma=2592000
HTTP/1.1 200 OK
content-type: application/json; charset=utf-8
cache-control: public, max-age=0
etag: "MC-IjMxOTlmMzE2YTgwNWU4Yzc1N2M5NThlOTQ1YmU3ZjBiIg=="
x-robots-tag: noindex, nofollow
access-control-allow-origin: *
access-control-allow-headers: Accept, App-Platform, Authorization, Content-Type, Origin, Retry-After, Spotify-App-Version, X-Cloud-Trace-Context, client-token, content-access-token
access-control-allow-methods: GET, POST, OPTIONS, PUT, DELETE, PATCH
access-control-allow-credentials: true
access-control-max-age: 604800
content-encoding: gzip
strict-transport-security: max-age=31536000
x-content-type-options: nosniff
date: Wed, 18 Oct 2023 11:40:39 GMT
server: envoy
Via: HTTP/2 edgeproxy, 1.1 google
Alt-Svc: h3=":443"; ma=2592000,h3-29=":443"; ma=2592000
Transfer-Encoding: chunked

{
    "collaborative": false,
    "description": "Updated playlist description",
    "external_urls": {
        "spotify": "https://open.spotify.com/playlist/0MrQuFIlpjr6H8hT27PVoe"
    },
    "followers": {
        "href": null,
        "total": 0
    },
    "href": "https://api.spotify.com/v1/playlists/0MrQuFIlpjr6H8hT27PVoe",
    "id": "0MrQuFIlpjr6H8hT27PVoe",
    "images": [
        
    ],
    "name": "Updated Playlist Name",
    "owner": {
        "display_name": "Svetlin Gulev",
        "external_urls": {
            "spotify": "https://open.spotify.com/user/21dig57a3ke4dhue54lblqoly"
        },
        "href": "https://api.spotify.com/v1/users/21dig57a3ke4dhue54lblqoly",
        "id": "21dig57a3ke4dhue54lblqoly",
        "type": "user",
        "uri": "spotify:user:21dig57a3ke4dhue54lblqoly"
    },
    "primary_color": null,
    "public": false,
    "snapshot_id": "Niw2M2U0ZmE1Y2I0ZWY0OTJlNzU5YTNiYjY1MDIxMTJiZjEzMzBkMWRk",
    "tracks": {
        "href": "https://api.spotify.com/v1/playlists/0MrQuFIlpjr6H8hT27PVoe/tracks?offset=0&limit=100",
        "items": [
            
        ],
        "limit": 100,
        "next": null,
        "offset": 0,
        "previous": null,
        "total": 0
    },
    "type": "playlist",
    "uri": "spotify:playlist:0MrQuFIlpjr6H8hT27PVoe"
}
]]></system-out>
  </testcase>
  <testcase name="ShouldBeAbleToGetAPlaylist" classname="com.spotify.ouath2.tests.PlaylistsTests" time="5.884"/>
  <testcase name="ShouldBeAbleToCreateAPlaylist" classname="com.spotify.ouath2.tests.PlaylistsTests" time="5.911">
    <failure message="&#10;Expected: &quot;Description O93-O_6l_17_ Nu,mzbR_ _ ,-dO-ta1F,q-X,, __6U-,_1-6&quot;&#10;     but: was null" type="java.lang.AssertionError">java.lang.AssertionError: 

Expected: "Description O93-O_6l_17_ Nu,mzbR_ _ ,-dO-ta1F,q-X,, __6U-,_1-6"
     but: was null
	at com.spotify.ouath2.tests.PlaylistsTests.assertPlaylistEqual(PlaylistsTests.java:102)
	at com.spotify.ouath2.tests.PlaylistsTests.ShouldBeAbleToCreateAPlaylist(PlaylistsTests.java:45)
</failure>
    <system-out><![CDATA[HTTP/1.1 201 Created
content-type: application/json; charset=utf-8
cache-control: private, max-age=0
location: https://api.spotify.com/v1/playlists/7Kb5Mr9tlK3TKmPrhVoSfB
x-robots-tag: noindex, nofollow
access-control-allow-origin: *
access-control-allow-headers: Accept, App-Platform, Authorization, Content-Type, Origin, Retry-After, Spotify-App-Version, X-Cloud-Trace-Context, client-token, content-access-token
access-control-allow-methods: GET, POST, OPTIONS, PUT, DELETE, PATCH
access-control-allow-credentials: true
access-control-max-age: 604800
content-encoding: gzip
strict-transport-security: max-age=31536000
x-content-type-options: nosniff
date: Wed, 18 Oct 2023 11:40:39 GMT
server: envoy
Via: HTTP/2 edgeproxy, 1.1 google
Alt-Svc: h3=":443"; ma=2592000,h3-29=":443"; ma=2592000
Transfer-Encoding: chunked

{
    "collaborative": false,
    "description": null,
    "external_urls": {
        "spotify": "https://open.spotify.com/playlist/7Kb5Mr9tlK3TKmPrhVoSfB"
    },
    "followers": {
        "href": null,
        "total": 0
    },
    "href": "https://api.spotify.com/v1/playlists/7Kb5Mr9tlK3TKmPrhVoSfB",
    "id": "7Kb5Mr9tlK3TKmPrhVoSfB",
    "images": [
        
    ],
    "name": "Playlist M4-OF, qJ_Ob ,4-,-r ",
    "owner": {
        "display_name": "Svetlin Gulev",
        "external_urls": {
            "spotify": "https://open.spotify.com/user/21dig57a3ke4dhue54lblqoly"
        },
        "href": "https://api.spotify.com/v1/users/21dig57a3ke4dhue54lblqoly",
        "id": "21dig57a3ke4dhue54lblqoly",
        "type": "user",
        "uri": "spotify:user:21dig57a3ke4dhue54lblqoly"
    },
    "primary_color": null,
    "public": false,
    "snapshot_id": "MSwxY2FiZDRiNWVlNTJkYjNlODM1ZDY2NTMwMTgyMTJkM2ZjYTFlMDk0",
    "tracks": {
        "href": "https://api.spotify.com/v1/playlists/7Kb5Mr9tlK3TKmPrhVoSfB/tracks",
        "items": [
            
        ],
        "limit": 100,
        "next": null,
        "offset": 0,
        "previous": null,
        "total": 0
    },
    "type": "playlist",
    "uri": "spotify:playlist:7Kb5Mr9tlK3TKmPrhVoSfB"
}
]]></system-out>
  </testcase>
</testsuite>